<?xml version="1.0" encoding="UTF-8"?>
<testsuite xmlns:xsi="http://www.w3.org/2001/XMLSchema-instance" xsi:noNamespaceSchemaLocation="https://maven.apache.org/surefire/maven-surefire-plugin/xsd/surefire-test-report.xsd" name="it.unipd.mtss.RomanPrinterTest" time="0.036" tests="10" errors="0" skipped="0" failures="0">
  <properties>
[...]
</properties>
  <testcase name="performance" classname="it.unipd.mtss.RomanPrinterTest" time="0.002"/>
  <testcase name="TestMultiChars" classname="it.unipd.mtss.RomanPrinterTest" time="0"/>
  <testcase name="TestC" classname="it.unipd.mtss.RomanPrinterTest" time="0"/>
  <testcase name="TestD" classname="it.unipd.mtss.RomanPrinterTest" time="0"/>
  <testcase name="TestI" classname="it.unipd.mtss.RomanPrinterTest" time="0"/>
  <testcase name="TestL" classname="it.unipd.mtss.RomanPrinterTest" time="0"/>
  <testcase name="TestM" classname="it.unipd.mtss.RomanPrinterTest" time="0"/>
  <testcase name="TestV" classname="it.unipd.mtss.RomanPrinterTest" time="0"/>
  <testcase name="TestX" classname="it.unipd.mtss.RomanPrinterTest" time="0"/>
  <testcase name="characterNotPresentInRomanFormat" classname="it.unipd.mtss.RomanPrinterTest" time="0"/>
</testsuite>